-------------------------------------------------------------------------------
Test set: com.example.awsimageupload.MainTests
-------------------------------------------------------------------------------
Tests run: 1, Failures: 0, Errors: 1, Skipped: 0, Time elapsed: 8.504 s <<< FAILURE! - in com.example.awsimageupload.MainTests
contextLoads  Time elapsed: 0.137 s  <<< ERROR!
java.lang.IllegalStateException: Failed to load ApplicationContext
Caused by: org.springframework.beans.factory.UnsatisfiedDependencyException: Error creating bean with name 'userProfileController' defined in file [D:\Users\GaD.Alex\Projects\aws-image-upload\target\classes\com\example\awsimageupload\profile\UserProfileController.class]: Unsatisfied dependency expressed through constructor parameter 0; nested exception is org.springframework.beans.factory.UnsatisfiedDependencyException: Error creating bean with name 'userProfileService' defined in file [D:\Users\GaD.Alex\Projects\aws-image-upload\target\classes\com\example\awsimageupload\profile\UserProfileService.class]: Unsatisfied dependency expressed through constructor parameter 0; nested exception is org.springframework.beans.factory.BeanCreationException: Error creating bean with name 'userProfileRepository' defined in com.example.awsimageupload.datastore.UserProfileRepository defined in @EnableMongoRepositories declared on MongoRepositoriesRegistrar.EnableMongoRepositoriesConfiguration: Invocation of init method failed; nested exception is org.springframework.data.repository.query.QueryCreationException: Could not create query for public abstract java.util.Optional com.example.awsimageupload.datastore.UserProfileRepository.selectUserProfileById(java.util.UUID); Reason: No property 'selectUserProfileById' found for type 'UserProfile'; nested exception is org.springframework.data.mapping.PropertyReferenceException: No property 'selectUserProfileById' found for type 'UserProfile'
Caused by: org.springframework.beans.factory.UnsatisfiedDependencyException: Error creating bean with name 'userProfileService' defined in file [D:\Users\GaD.Alex\Projects\aws-image-upload\target\classes\com\example\awsimageupload\profile\UserProfileService.class]: Unsatisfied dependency expressed through constructor parameter 0; nested exception is org.springframework.beans.factory.BeanCreationException: Error creating bean with name 'userProfileRepository' defined in com.example.awsimageupload.datastore.UserProfileRepository defined in @EnableMongoRepositories declared on MongoRepositoriesRegistrar.EnableMongoRepositoriesConfiguration: Invocation of init method failed; nested exception is org.springframework.data.repository.query.QueryCreationException: Could not create query for public abstract java.util.Optional com.example.awsimageupload.datastore.UserProfileRepository.selectUserProfileById(java.util.UUID); Reason: No property 'selectUserProfileById' found for type 'UserProfile'; nested exception is org.springframework.data.mapping.PropertyReferenceException: No property 'selectUserProfileById' found for type 'UserProfile'
Caused by: org.springframework.beans.factory.BeanCreationException: Error creating bean with name 'userProfileRepository' defined in com.example.awsimageupload.datastore.UserProfileRepository defined in @EnableMongoRepositories declared on MongoRepositoriesRegistrar.EnableMongoRepositoriesConfiguration: Invocation of init method failed; nested exception is org.springframework.data.repository.query.QueryCreationException: Could not create query for public abstract java.util.Optional com.example.awsimageupload.datastore.UserProfileRepository.selectUserProfileById(java.util.UUID); Reason: No property 'selectUserProfileById' found for type 'UserProfile'; nested exception is org.springframework.data.mapping.PropertyReferenceException: No property 'selectUserProfileById' found for type 'UserProfile'
Caused by: org.springframework.data.repository.query.QueryCreationException: Could not create query for public abstract java.util.Optional com.example.awsimageupload.datastore.UserProfileRepository.selectUserProfileById(java.util.UUID); Reason: No property 'selectUserProfileById' found for type 'UserProfile'; nested exception is org.springframework.data.mapping.PropertyReferenceException: No property 'selectUserProfileById' found for type 'UserProfile'
Caused by: org.springframework.data.mapping.PropertyReferenceException: No property 'selectUserProfileById' found for type 'UserProfile'

